2011/06/12 18:21:03 [error] [exception.CHttpException.404] exception 'CHttpException' with message 'Unable to resolve the request "user/login".' in D:\xampp\htdocs\YiiFramework\framework\web\CWebApplication.php:332
Stack trace:
#0 D:\xampp\htdocs\YiiFramework\framework\web\CWebApplication.php(121): CWebApplication->runController('user/login')
#1 D:\xampp\htdocs\YiiFramework\framework\base\CApplication.php(155): CWebApplication->processRequest()
#2 D:\xampp\htdocs\sanjo\index.php(18): CApplication->run()
#3 {main} REQUEST_URI=/sanjo/index.php/user/login
2011/06/12 18:21:28 [error] [exception.CHttpException.404] exception 'CHttpException' with message 'Unable to resolve the request "user/login".' in D:\xampp\htdocs\YiiFramework\framework\web\CWebApplication.php:332
Stack trace:
#0 D:\xampp\htdocs\YiiFramework\framework\web\CWebApplication.php(121): CWebApplication->runController('user/login')
#1 D:\xampp\htdocs\YiiFramework\framework\base\CApplication.php(155): CWebApplication->processRequest()
#2 D:\xampp\htdocs\sanjo\index.php(18): CApplication->run()
#3 {main} REQUEST_URI=/sanjo/index.php/user/login
2011/06/12 18:22:36 [error] [exception.CHttpException.404] exception 'CHttpException' with message 'Unable to resolve the request "user/login".' in D:\xampp\htdocs\YiiFramework\framework\web\CWebApplication.php:332
Stack trace:
#0 D:\xampp\htdocs\YiiFramework\framework\web\CWebApplication.php(121): CWebApplication->runController('user/login')
#1 D:\xampp\htdocs\YiiFramework\framework\base\CApplication.php(155): CWebApplication->processRequest()
#2 D:\xampp\htdocs\sanjo\index.php(18): CApplication->run()
#3 {main} REQUEST_URI=/sanjo/index.php/user/login
2011/06/12 18:22:47 [error] [exception.CHttpException.404] exception 'CHttpException' with message 'Unable to resolve the request "user/login".' in D:\xampp\htdocs\YiiFramework\framework\web\CWebApplication.php:332
Stack trace:
#0 D:\xampp\htdocs\YiiFramework\framework\web\CWebApplication.php(121): CWebApplication->runController('user/login')
#1 D:\xampp\htdocs\YiiFramework\framework\base\CApplication.php(155): CWebApplication->processRequest()
#2 D:\xampp\htdocs\sanjo\index.php(18): CApplication->run()
#3 {main} REQUEST_URI=/sanjo/index.php/user/login
2011/06/12 18:23:12 [error] [exception.CHttpException.404] exception 'CHttpException' with message 'Unable to resolve the request "user/login".' in D:\xampp\htdocs\YiiFramework\framework\web\CWebApplication.php:332
Stack trace:
#0 D:\xampp\htdocs\YiiFramework\framework\web\CWebApplication.php(121): CWebApplication->runController('user/login')
#1 D:\xampp\htdocs\YiiFramework\framework\base\CApplication.php(155): CWebApplication->processRequest()
#2 D:\xampp\htdocs\sanjo\index.php(18): CApplication->run()
#3 {main} REQUEST_URI=/sanjo/index.php/user/login
2011/06/12 18:26:40 [error] [exception.CHttpException.404] exception 'CHttpException' with message 'Unable to resolve the request "user/login".' in D:\xampp\htdocs\YiiFramework\framework\web\CWebApplication.php:332
Stack trace:
#0 D:\xampp\htdocs\YiiFramework\framework\web\CWebApplication.php(121): CWebApplication->runController('user/login')
#1 D:\xampp\htdocs\YiiFramework\framework\base\CApplication.php(155): CWebApplication->processRequest()
#2 D:\xampp\htdocs\sanjo\index.php(18): CApplication->run()
#3 {main} REQUEST_URI=/sanjo/index.php/user/login
2011/06/12 18:27:37 [error] [exception.CHttpException.404] exception 'CHttpException' with message 'Unable to resolve the request "user/user/login".' in D:\xampp\htdocs\YiiFramework\framework\web\CWebApplication.php:332
Stack trace:
#0 D:\xampp\htdocs\YiiFramework\framework\web\CWebApplication.php(121): CWebApplication->runController('user/user/login')
#1 D:\xampp\htdocs\YiiFramework\framework\base\CApplication.php(155): CWebApplication->processRequest()
#2 D:\xampp\htdocs\sanjo\index.php(18): CApplication->run()
#3 {main} REQUEST_URI=/sanjo/index.php/user/user/login
2011/06/12 18:29:59 [error] [exception.CHttpException.404] exception 'CHttpException' with message 'Unable to resolve the request "user/user/login".' in D:\xampp\htdocs\YiiFramework\framework\web\CWebApplication.php:332
Stack trace:
#0 D:\xampp\htdocs\YiiFramework\framework\web\CWebApplication.php(121): CWebApplication->runController('user/user/login')
#1 D:\xampp\htdocs\YiiFramework\framework\base\CApplication.php(155): CWebApplication->processRequest()
#2 D:\xampp\htdocs\sanjo\index.php(18): CApplication->run()
#3 {main} REQUEST_URI=/sanjo/index.php/user/user/login
2011/06/12 18:31:08 [error] [exception.CHttpException.404] exception 'CHttpException' with message 'Unable to resolve the request "user/user/login".' in D:\xampp\htdocs\YiiFramework\framework\web\CWebApplication.php:332
Stack trace:
#0 D:\xampp\htdocs\YiiFramework\framework\web\CWebApplication.php(121): CWebApplication->runController('user/user/login')
#1 D:\xampp\htdocs\YiiFramework\framework\base\CApplication.php(155): CWebApplication->processRequest()
#2 D:\xampp\htdocs\sanjo\index.php(18): CApplication->run()
#3 {main} REQUEST_URI=/sanjo/index.php/user/user/login
2011/06/12 18:31:23 [error] [exception.CException] exception 'CException' with message 'LoginController cannot find the requested view "login".' in D:\xampp\htdocs\YiiFramework\framework\web\CController.php:875
Stack trace:
#0 D:\xampp\htdocs\YiiFramework\framework\web\CController.php(779): CController->renderPartial('login', Array, true)
#1 D:\xampp\htdocs\sanjo\protected\modules\user\controllers\LoginController.php(31): CController->render('login', Array)
#2 D:\xampp\htdocs\YiiFramework\framework\web\actions\CInlineAction.php(50): LoginController->actionLogin()
#3 D:\xampp\htdocs\YiiFramework\framework\web\CController.php(300): CInlineAction->runWithParams(Array)
#4 D:\xampp\htdocs\YiiFramework\framework\web\CController.php(278): CController->runAction(Object(CInlineAction))
#5 D:\xampp\htdocs\YiiFramework\framework\web\CController.php(257): CController->runActionWithFilters(Object(CInlineAction), Array)
#6 D:\xampp\htdocs\YiiFramework\framework\web\CWebApplication.php(328): CController->run('')
#7 D:\xampp\htdocs\YiiFramework\framework\web\CWebApplication.php(121): CWebApplication->runController('user/login')
#8 D:\xampp\htdocs\YiiFramework\framework\base\CApplication.php(155): CWebApplication->processRequest()
#9 D:\xampp\htdocs\sanjo\index.php(18): CApplication->run()
#10 {main} REQUEST_URI=/sanjo/index.php/user/login
2011/06/12 19:06:26 [error] [exception.CHttpException.404] exception 'CHttpException' with message 'Unable to resolve the request "user/admin".' in D:\xampp\htdocs\YiiFramework\framework\web\CWebApplication.php:332
Stack trace:
#0 D:\xampp\htdocs\YiiFramework\framework\web\CWebApplication.php(121): CWebApplication->runController('user/admin')
#1 D:\xampp\htdocs\YiiFramework\framework\base\CApplication.php(155): CWebApplication->processRequest()
#2 D:\xampp\htdocs\sanjo\index.php(18): CApplication->run()
#3 {main} REQUEST_URI=/sanjo/index.php/user/admin
2011/06/12 19:06:32 [error] [exception.CHttpException.403] exception 'CHttpException' with message 'You are not authorized to perform this action.' in D:\xampp\htdocs\YiiFramework\framework\web\auth\CAccessControlFilter.php:157
Stack trace:
#0 D:\xampp\htdocs\YiiFramework\framework\web\auth\CAccessControlFilter.php(119): CAccessControlFilter->accessDenied(Object(CWebUser), 'You are not aut...')
#1 D:\xampp\htdocs\YiiFramework\framework\web\filters\CFilter.php(39): CAccessControlFilter->preFilter(Object(CFilterChain))
#2 D:\xampp\htdocs\YiiFramework\framework\web\CController.php(1122): CFilter->filter(Object(CFilterChain))
#3 D:\xampp\htdocs\YiiFramework\framework\web\filters\CInlineFilter.php(59): CController->filterAccessControl(Object(CFilterChain))
#4 D:\xampp\htdocs\YiiFramework\framework\web\filters\CFilterChain.php(130): CInlineFilter->filter(Object(CFilterChain))
#5 D:\xampp\htdocs\YiiFramework\framework\web\CController.php(283): CFilterChain->run()
#6 D:\xampp\htdocs\YiiFramework\framework\web\CController.php(257): CController->runActionWithFilters(Object(CInlineAction), Array)
#7 D:\xampp\htdocs\YiiFramework\framework\web\CWebApplication.php(328): CController->run('admin')
#8 D:\xampp\htdocs\YiiFramework\framework\web\CWebApplication.php(121): CWebApplication->runController('user/user/admin')
#9 D:\xampp\htdocs\YiiFramework\framework\base\CApplication.php(155): CWebApplication->processRequest()
#10 D:\xampp\htdocs\sanjo\index.php(18): CApplication->run()
#11 {main} REQUEST_URI=/sanjo/index.php/user/user/admin
2011/06/12 19:06:40 [error] [exception.CHttpException.400] exception 'CHttpException' with message 'Your request is invalid.' in D:\xampp\htdocs\YiiFramework\framework\web\CController.php:328
Stack trace:
#0 D:\xampp\htdocs\YiiFramework\framework\web\CController.php(301): CController->invalidActionParams(Object(CInlineAction))
#1 D:\xampp\htdocs\YiiFramework\framework\web\filters\CFilterChain.php(133): CController->runAction(Object(CInlineAction))
#2 D:\xampp\htdocs\YiiFramework\framework\web\filters\CFilter.php(41): CFilterChain->run()
#3 D:\xampp\htdocs\YiiFramework\framework\web\CController.php(1122): CFilter->filter(Object(CFilterChain))
#4 D:\xampp\htdocs\YiiFramework\framework\web\filters\CInlineFilter.php(59): CController->filterAccessControl(Object(CFilterChain))
#5 D:\xampp\htdocs\YiiFramework\framework\web\filters\CFilterChain.php(130): CInlineFilter->filter(Object(CFilterChain))
#6 D:\xampp\htdocs\YiiFramework\framework\web\CController.php(283): CFilterChain->run()
#7 D:\xampp\htdocs\YiiFramework\framework\web\CController.php(257): CController->runActionWithFilters(Object(CInlineAction), Array)
#8 D:\xampp\htdocs\YiiFramework\framework\web\CWebApplication.php(328): CController->run('view')
#9 D:\xampp\htdocs\YiiFramework\framework\web\CWebApplication.php(121): CWebApplication->runController('user/user/view')
#10 D:\xampp\htdocs\YiiFramework\framework\base\CApplication.php(155): CWebApplication->processRequest()
#11 D:\xampp\htdocs\sanjo\index.php(18): CApplication->run()
#12 {main} REQUEST_URI=/sanjo/index.php/user/user/view
2011/06/12 19:06:51 [error] [exception.CHttpException.403] exception 'CHttpException' with message 'You are not authorized to perform this action.' in D:\xampp\htdocs\YiiFramework\framework\web\auth\CAccessControlFilter.php:157
Stack trace:
#0 D:\xampp\htdocs\YiiFramework\framework\web\auth\CAccessControlFilter.php(119): CAccessControlFilter->accessDenied(Object(CWebUser), 'You are not aut...')
#1 D:\xampp\htdocs\YiiFramework\framework\web\filters\CFilter.php(39): CAccessControlFilter->preFilter(Object(CFilterChain))
#2 D:\xampp\htdocs\YiiFramework\framework\web\CController.php(1122): CFilter->filter(Object(CFilterChain))
#3 D:\xampp\htdocs\YiiFramework\framework\web\filters\CInlineFilter.php(59): CController->filterAccessControl(Object(CFilterChain))
#4 D:\xampp\htdocs\YiiFramework\framework\web\filters\CFilterChain.php(130): CInlineFilter->filter(Object(CFilterChain))
#5 D:\xampp\htdocs\YiiFramework\framework\web\CController.php(283): CFilterChain->run()
#6 D:\xampp\htdocs\YiiFramework\framework\web\CController.php(257): CController->runActionWithFilters(Object(CInlineAction), Array)
#7 D:\xampp\htdocs\YiiFramework\framework\web\CWebApplication.php(328): CController->run('admin')
#8 D:\xampp\htdocs\YiiFramework\framework\web\CWebApplication.php(121): CWebApplication->runController('user/user/admin')
#9 D:\xampp\htdocs\YiiFramework\framework\base\CApplication.php(155): CWebApplication->processRequest()
#10 D:\xampp\htdocs\sanjo\index.php(18): CApplication->run()
#11 {main} REQUEST_URI=/sanjo/index.php/user/user/admin
2011/06/12 19:19:33 [error] [php] include(Lookup.php) [<a href='function.include'>function.include</a>]: failed to open stream: No such file or directory (D:\xampp\htdocs\YiiFramework\framework\YiiBase.php:396)
Stack trace:
#0 D:\xampp\htdocs\sanjo\protected\modules\user\views\user\_view.php(20): spl_autoload_call()
#1 D:\xampp\htdocs\YiiFramework\framework\web\CBaseController.php(119): require()
#2 D:\xampp\htdocs\YiiFramework\framework\web\CBaseController.php(88): UserController->renderInternal()
#3 D:\xampp\htdocs\YiiFramework\framework\web\CController.php(866): UserController->renderFile()
#4 D:\xampp\htdocs\YiiFramework\framework\zii\widgets\CListView.php(234): UserController->renderPartial()
#5 D:\xampp\htdocs\YiiFramework\framework\zii\widgets\CBaseListView.php(158): CListView->renderItems()
#6 unknown(0): CListView->renderSection()
#7 D:\xampp\htdocs\YiiFramework\framework\zii\widgets\CBaseListView.php(141): preg_replace_callback()
#8 D:\xampp\htdocs\YiiFramework\framework\zii\widgets\CBaseListView.php(126): CListView->renderContent()
#9 D:\xampp\htdocs\YiiFramework\framework\web\CBaseController.php(166): CListView->run()
#10 D:\xampp\htdocs\sanjo\protected\modules\user\views\user\index.php(17): UserController->widget()
#11 D:\xampp\htdocs\YiiFramework\framework\web\CBaseController.php(119): require()
#12 D:\xampp\htdocs\YiiFramework\framework\web\CBaseController.php(88): UserController->renderInternal()
#13 D:\xampp\htdocs\YiiFramework\framework\web\CController.php(866): UserController->renderFile()
#14 D:\xampp\htdocs\YiiFramework\framework\web\CController.php(779): UserController->renderPartial()
#15 D:\xampp\htdocs\sanjo\protected\modules\user\controllers\UserController.php(133): UserController->render()
#16 D:\xampp\htdocs\YiiFramework\framework\web\actions\CInlineAction.php(50): UserController->actionIndex()
#17 D:\xampp\htdocs\YiiFramework\framework\web\CController.php(300): CInlineAction->runWithParams()
#18 D:\xampp\htdocs\YiiFramework\framework\web\filters\CFilterChain.php(133): UserController->runAction()
#19 D:\xampp\htdocs\YiiFramework\framework\web\filters\CFilter.php(41): CFilterChain->run()
#20 D:\xampp\htdocs\YiiFramework\framework\web\CController.php(1122): CAccessControlFilter->filter()
#21 D:\xampp\htdocs\YiiFramework\framework\web\filters\CInlineFilter.php(59): UserController->filterAccessControl()
#22 D:\xampp\htdocs\YiiFramework\framework\web\filters\CFilterChain.php(130): CInlineFilter->filter()
#23 D:\xampp\htdocs\YiiFramework\framework\web\CController.php(283): CFilterChain->run()
#24 D:\xampp\htdocs\YiiFramework\framework\web\CController.php(257): UserController->runActionWithFilters()
#25 D:\xampp\htdocs\YiiFramework\framework\web\CWebApplication.php(328): UserController->run()
#26 D:\xampp\htdocs\YiiFramework\framework\web\CWebApplication.php(121): CWebApplication->runController()
#27 D:\xampp\htdocs\YiiFramework\framework\base\CApplication.php(155): CWebApplication->processRequest()
#28 D:\xampp\htdocs\sanjo\index.php(18): CWebApplication->run()
REQUEST_URI=/sanjo/index.php/user/user/index
in D:\xampp\htdocs\sanjo\protected\modules\user\views\user\_view.php (20)
in D:\xampp\htdocs\sanjo\protected\modules\user\views\user\index.php (17)
in D:\xampp\htdocs\sanjo\protected\modules\user\controllers\UserController.php (133)
2011/06/12 19:19:51 [error] [php] include(Lookup.php) [<a href='function.include'>function.include</a>]: failed to open stream: No such file or directory (D:\xampp\htdocs\YiiFramework\framework\YiiBase.php:396)
Stack trace:
#0 D:\xampp\htdocs\sanjo\protected\modules\user\views\user\_view.php(20): spl_autoload_call()
#1 D:\xampp\htdocs\YiiFramework\framework\web\CBaseController.php(119): require()
#2 D:\xampp\htdocs\YiiFramework\framework\web\CBaseController.php(88): UserController->renderInternal()
#3 D:\xampp\htdocs\YiiFramework\framework\web\CController.php(866): UserController->renderFile()
#4 D:\xampp\htdocs\YiiFramework\framework\zii\widgets\CListView.php(234): UserController->renderPartial()
#5 D:\xampp\htdocs\YiiFramework\framework\zii\widgets\CBaseListView.php(158): CListView->renderItems()
#6 unknown(0): CListView->renderSection()
#7 D:\xampp\htdocs\YiiFramework\framework\zii\widgets\CBaseListView.php(141): preg_replace_callback()
#8 D:\xampp\htdocs\YiiFramework\framework\zii\widgets\CBaseListView.php(126): CListView->renderContent()
#9 D:\xampp\htdocs\YiiFramework\framework\web\CBaseController.php(166): CListView->run()
#10 D:\xampp\htdocs\sanjo\protected\modules\user\views\user\index.php(17): UserController->widget()
#11 D:\xampp\htdocs\YiiFramework\framework\web\CBaseController.php(119): require()
#12 D:\xampp\htdocs\YiiFramework\framework\web\CBaseController.php(88): UserController->renderInternal()
#13 D:\xampp\htdocs\YiiFramework\framework\web\CController.php(866): UserController->renderFile()
#14 D:\xampp\htdocs\YiiFramework\framework\web\CController.php(779): UserController->renderPartial()
#15 D:\xampp\htdocs\sanjo\protected\modules\user\controllers\UserController.php(133): UserController->render()
#16 D:\xampp\htdocs\YiiFramework\framework\web\actions\CInlineAction.php(50): UserController->actionIndex()
#17 D:\xampp\htdocs\YiiFramework\framework\web\CController.php(300): CInlineAction->runWithParams()
#18 D:\xampp\htdocs\YiiFramework\framework\web\filters\CFilterChain.php(133): UserController->runAction()
#19 D:\xampp\htdocs\YiiFramework\framework\web\filters\CFilter.php(41): CFilterChain->run()
#20 D:\xampp\htdocs\YiiFramework\framework\web\CController.php(1122): CAccessControlFilter->filter()
#21 D:\xampp\htdocs\YiiFramework\framework\web\filters\CInlineFilter.php(59): UserController->filterAccessControl()
#22 D:\xampp\htdocs\YiiFramework\framework\web\filters\CFilterChain.php(130): CInlineFilter->filter()
#23 D:\xampp\htdocs\YiiFramework\framework\web\CController.php(283): CFilterChain->run()
#24 D:\xampp\htdocs\YiiFramework\framework\web\CController.php(257): UserController->runActionWithFilters()
#25 D:\xampp\htdocs\YiiFramework\framework\web\CWebApplication.php(328): UserController->run()
#26 D:\xampp\htdocs\YiiFramework\framework\web\CWebApplication.php(121): CWebApplication->runController()
#27 D:\xampp\htdocs\YiiFramework\framework\base\CApplication.php(155): CWebApplication->processRequest()
#28 D:\xampp\htdocs\sanjo\index.php(18): CWebApplication->run()
REQUEST_URI=/sanjo/index.php/user/user/index
in D:\xampp\htdocs\sanjo\protected\modules\user\views\user\_view.php (20)
in D:\xampp\htdocs\sanjo\protected\modules\user\views\user\index.php (17)
in D:\xampp\htdocs\sanjo\protected\modules\user\controllers\UserController.php (133)
2011/06/12 19:20:26 [error] [php] include(Lookup.php) [<a href='function.include'>function.include</a>]: failed to open stream: No such file or directory (D:\xampp\htdocs\YiiFramework\framework\YiiBase.php:396)
Stack trace:
#0 D:\xampp\htdocs\sanjo\protected\modules\user\views\user\_view.php(20): spl_autoload_call()
#1 D:\xampp\htdocs\YiiFramework\framework\web\CBaseController.php(119): require()
#2 D:\xampp\htdocs\YiiFramework\framework\web\CBaseController.php(88): UserController->renderInternal()
#3 D:\xampp\htdocs\YiiFramework\framework\web\CController.php(866): UserController->renderFile()
#4 D:\xampp\htdocs\YiiFramework\framework\zii\widgets\CListView.php(234): UserController->renderPartial()
#5 D:\xampp\htdocs\YiiFramework\framework\zii\widgets\CBaseListView.php(158): CListView->renderItems()
#6 unknown(0): CListView->renderSection()
#7 D:\xampp\htdocs\YiiFramework\framework\zii\widgets\CBaseListView.php(141): preg_replace_callback()
#8 D:\xampp\htdocs\YiiFramework\framework\zii\widgets\CBaseListView.php(126): CListView->renderContent()
#9 D:\xampp\htdocs\YiiFramework\framework\web\CBaseController.php(166): CListView->run()
#10 D:\xampp\htdocs\sanjo\protected\modules\user\views\user\index.php(17): UserController->widget()
#11 D:\xampp\htdocs\YiiFramework\framework\web\CBaseController.php(119): require()
#12 D:\xampp\htdocs\YiiFramework\framework\web\CBaseController.php(88): UserController->renderInternal()
#13 D:\xampp\htdocs\YiiFramework\framework\web\CController.php(866): UserController->renderFile()
#14 D:\xampp\htdocs\YiiFramework\framework\web\CController.php(779): UserController->renderPartial()
#15 D:\xampp\htdocs\sanjo\protected\modules\user\controllers\UserController.php(133): UserController->render()
#16 D:\xampp\htdocs\YiiFramework\framework\web\actions\CInlineAction.php(50): UserController->actionIndex()
#17 D:\xampp\htdocs\YiiFramework\framework\web\CController.php(300): CInlineAction->runWithParams()
#18 D:\xampp\htdocs\YiiFramework\framework\web\filters\CFilterChain.php(133): UserController->runAction()
#19 D:\xampp\htdocs\YiiFramework\framework\web\filters\CFilter.php(41): CFilterChain->run()
#20 D:\xampp\htdocs\YiiFramework\framework\web\CController.php(1122): CAccessControlFilter->filter()
#21 D:\xampp\htdocs\YiiFramework\framework\web\filters\CInlineFilter.php(59): UserController->filterAccessControl()
#22 D:\xampp\htdocs\YiiFramework\framework\web\filters\CFilterChain.php(130): CInlineFilter->filter()
#23 D:\xampp\htdocs\YiiFramework\framework\web\CController.php(283): CFilterChain->run()
#24 D:\xampp\htdocs\YiiFramework\framework\web\CController.php(257): UserController->runActionWithFilters()
#25 D:\xampp\htdocs\YiiFramework\framework\web\CWebApplication.php(328): UserController->run()
#26 D:\xampp\htdocs\YiiFramework\framework\web\CWebApplication.php(121): CWebApplication->runController()
#27 D:\xampp\htdocs\YiiFramework\framework\base\CApplication.php(155): CWebApplication->processRequest()
#28 D:\xampp\htdocs\sanjo\index.php(18): CWebApplication->run()
REQUEST_URI=/sanjo/index.php/user/user/index
in D:\xampp\htdocs\sanjo\protected\modules\user\views\user\_view.php (20)
in D:\xampp\htdocs\sanjo\protected\modules\user\views\user\index.php (17)
in D:\xampp\htdocs\sanjo\protected\modules\user\controllers\UserController.php (133)
2011/06/12 19:21:01 [error] [exception.CHttpException.400] exception 'CHttpException' with message 'Your request is invalid.' in D:\xampp\htdocs\YiiFramework\framework\web\CController.php:328
Stack trace:
#0 D:\xampp\htdocs\YiiFramework\framework\web\CController.php(301): CController->invalidActionParams(Object(CInlineAction))
#1 D:\xampp\htdocs\YiiFramework\framework\web\filters\CFilterChain.php(133): CController->runAction(Object(CInlineAction))
#2 D:\xampp\htdocs\YiiFramework\framework\web\filters\CFilter.php(41): CFilterChain->run()
#3 D:\xampp\htdocs\YiiFramework\framework\web\CController.php(1122): CFilter->filter(Object(CFilterChain))
#4 D:\xampp\htdocs\YiiFramework\framework\web\filters\CInlineFilter.php(59): CController->filterAccessControl(Object(CFilterChain))
#5 D:\xampp\htdocs\YiiFramework\framework\web\filters\CFilterChain.php(130): CInlineFilter->filter(Object(CFilterChain))
#6 D:\xampp\htdocs\YiiFramework\framework\web\CController.php(283): CFilterChain->run()
#7 D:\xampp\htdocs\YiiFramework\framework\web\CController.php(257): CController->runActionWithFilters(Object(CInlineAction), Array)
#8 D:\xampp\htdocs\YiiFramework\framework\web\CWebApplication.php(328): CController->run('view')
#9 D:\xampp\htdocs\YiiFramework\framework\web\CWebApplication.php(121): CWebApplication->runController('user/user/view')
#10 D:\xampp\htdocs\YiiFramework\framework\base\CApplication.php(155): CWebApplication->processRequest()
#11 D:\xampp\htdocs\sanjo\index.php(18): CApplication->run()
#12 {main} REQUEST_URI=/sanjo/index.php/user/user/view
2011/06/12 19:21:06 [error] [php] include(Lookup.php) [<a href='function.include'>function.include</a>]: failed to open stream: No such file or directory (D:\xampp\htdocs\YiiFramework\framework\YiiBase.php:396)
Stack trace:
#0 D:\xampp\htdocs\sanjo\protected\modules\user\views\user\_view.php(20): spl_autoload_call()
#1 D:\xampp\htdocs\YiiFramework\framework\web\CBaseController.php(119): require()
#2 D:\xampp\htdocs\YiiFramework\framework\web\CBaseController.php(88): UserController->renderInternal()
#3 D:\xampp\htdocs\YiiFramework\framework\web\CController.php(866): UserController->renderFile()
#4 D:\xampp\htdocs\YiiFramework\framework\zii\widgets\CListView.php(234): UserController->renderPartial()
#5 D:\xampp\htdocs\YiiFramework\framework\zii\widgets\CBaseListView.php(158): CListView->renderItems()
#6 unknown(0): CListView->renderSection()
#7 D:\xampp\htdocs\YiiFramework\framework\zii\widgets\CBaseListView.php(141): preg_replace_callback()
#8 D:\xampp\htdocs\YiiFramework\framework\zii\widgets\CBaseListView.php(126): CListView->renderContent()
#9 D:\xampp\htdocs\YiiFramework\framework\web\CBaseController.php(166): CListView->run()
#10 D:\xampp\htdocs\sanjo\protected\modules\user\views\user\index.php(17): UserController->widget()
#11 D:\xampp\htdocs\YiiFramework\framework\web\CBaseController.php(119): require()
#12 D:\xampp\htdocs\YiiFramework\framework\web\CBaseController.php(88): UserController->renderInternal()
#13 D:\xampp\htdocs\YiiFramework\framework\web\CController.php(866): UserController->renderFile()
#14 D:\xampp\htdocs\YiiFramework\framework\web\CController.php(779): UserController->renderPartial()
#15 D:\xampp\htdocs\sanjo\protected\modules\user\controllers\UserController.php(133): UserController->render()
#16 D:\xampp\htdocs\YiiFramework\framework\web\actions\CInlineAction.php(50): UserController->actionIndex()
#17 D:\xampp\htdocs\YiiFramework\framework\web\CController.php(300): CInlineAction->runWithParams()
#18 D:\xampp\htdocs\YiiFramework\framework\web\filters\CFilterChain.php(133): UserController->runAction()
#19 D:\xampp\htdocs\YiiFramework\framework\web\filters\CFilter.php(41): CFilterChain->run()
#20 D:\xampp\htdocs\YiiFramework\framework\web\CController.php(1122): CAccessControlFilter->filter()
#21 D:\xampp\htdocs\YiiFramework\framework\web\filters\CInlineFilter.php(59): UserController->filterAccessControl()
#22 D:\xampp\htdocs\YiiFramework\framework\web\filters\CFilterChain.php(130): CInlineFilter->filter()
#23 D:\xampp\htdocs\YiiFramework\framework\web\CController.php(283): CFilterChain->run()
#24 D:\xampp\htdocs\YiiFramework\framework\web\CController.php(257): UserController->runActionWithFilters()
#25 D:\xampp\htdocs\YiiFramework\framework\web\CWebApplication.php(328): UserController->run()
#26 D:\xampp\htdocs\YiiFramework\framework\web\CWebApplication.php(121): CWebApplication->runController()
#27 D:\xampp\htdocs\YiiFramework\framework\base\CApplication.php(155): CWebApplication->processRequest()
#28 D:\xampp\htdocs\sanjo\index.php(18): CWebApplication->run()
REQUEST_URI=/sanjo/index.php/user/user/
in D:\xampp\htdocs\sanjo\protected\modules\user\views\user\_view.php (20)
in D:\xampp\htdocs\sanjo\protected\modules\user\views\user\index.php (17)
in D:\xampp\htdocs\sanjo\protected\modules\user\controllers\UserController.php (133)
2011/06/12 19:21:25 [error] [system.db.CDbCommand] CDbCommand::fetchAll() failed: SQLSTATE[42000]: Syntax error or access violation: 1064 You have an error in your SQL syntax; check the manual that corresponds to your MySQL server version for the right syntax to use near 'order' at line 1. The SQL statement executed was: SELECT * FROM `lookup` `t` WHERE type=:type ORDER BY order.
in D:\xampp\htdocs\sanjo\protected\modules\admin\models\Lookup.php (134)
in D:\xampp\htdocs\sanjo\protected\modules\admin\models\Lookup.php (119)
in D:\xampp\htdocs\sanjo\protected\modules\user\views\user\_view.php (20)
2011/06/12 19:21:25 [error] [exception.CDbException] exception 'CDbException' with message 'CDbCommand failed to execute the SQL statement: SQLSTATE[42000]: Syntax error or access violation: 1064 You have an error in your SQL syntax; check the manual that corresponds to your MySQL server version for the right syntax to use near 'order' at line 1. The SQL statement executed was: SELECT * FROM `lookup` `t` WHERE type=:type ORDER BY order' in D:\xampp\htdocs\YiiFramework\framework\db\CDbCommand.php:518
Stack trace:
#0 D:\xampp\htdocs\YiiFramework\framework\db\CDbCommand.php(376): CDbCommand->queryInternal('fetchAll', Array, Array)
#1 D:\xampp\htdocs\YiiFramework\framework\db\ar\CActiveRecord.php(1256): CDbCommand->queryAll()
#2 D:\xampp\htdocs\YiiFramework\framework\db\ar\CActiveRecord.php(1380): CActiveRecord->query(Object(CDbCriteria), true)
#3 D:\xampp\htdocs\sanjo\protected\modules\admin\models\Lookup.php(134): CActiveRecord->findAll(Array)
#4 D:\xampp\htdocs\sanjo\protected\modules\admin\models\Lookup.php(119): Lookup::loadItems('status')
#5 D:\xampp\htdocs\sanjo\protected\modules\user\views\user\_view.php(20): Lookup::item('status', '1')
#6 D:\xampp\htdocs\YiiFramework\framework\web\CBaseController.php(119): require('D:\xampp\htdocs...')
#7 D:\xampp\htdocs\YiiFramework\framework\web\CBaseController.php(88): CBaseController->renderInternal('D:\xampp\htdocs...', Array, true)
#8 D:\xampp\htdocs\YiiFramework\framework\web\CController.php(866): CBaseController->renderFile('D:\xampp\htdocs...', Array, true)
#9 D:\xampp\htdocs\YiiFramework\framework\zii\widgets\CListView.php(234): CController->renderPartial('_view', Array)
#10 D:\xampp\htdocs\YiiFramework\framework\zii\widgets\CBaseListView.php(158): CListView->renderItems()
#11 [internal function]: CBaseListView->renderSection(Array)
#12 D:\xampp\htdocs\YiiFramework\framework\zii\widgets\CBaseListView.php(141): preg_replace_callback('/{(\w+)}/', Array, '{summary}?{sort...')
#13 D:\xampp\htdocs\YiiFramework\framework\zii\widgets\CBaseListView.php(126): CBaseListView->renderContent()
#14 D:\xampp\htdocs\YiiFramework\framework\web\CBaseController.php(166): CBaseListView->run()
#15 D:\xampp\htdocs\sanjo\protected\modules\user\views\user\index.php(17): CBaseController->widget('zii.widgets.CLi...', Array)
#16 D:\xampp\htdocs\YiiFramework\framework\web\CBaseController.php(119): require('D:\xampp\htdocs...')
#17 D:\xampp\htdocs\YiiFramework\framework\web\CBaseController.php(88): CBaseController->renderInternal('D:\xampp\htdocs...', Array, true)
#18 D:\xampp\htdocs\YiiFramework\framework\web\CController.php(866): CBaseController->renderFile('D:\xampp\htdocs...', Array, true)
#19 D:\xampp\htdocs\YiiFramework\framework\web\CController.php(779): CController->renderPartial('index', Array, true)
#20 D:\xampp\htdocs\sanjo\protected\modules\user\controllers\UserController.php(133): CController->render('index', Array)
#21 D:\xampp\htdocs\YiiFramework\framework\web\actions\CInlineAction.php(50): UserController->actionIndex()
#22 D:\xampp\htdocs\YiiFramework\framework\web\CController.php(300): CInlineAction->runWithParams(Array)
#23 D:\xampp\htdocs\YiiFramework\framework\web\filters\CFilterChain.php(133): CController->runAction(Object(CInlineAction))
#24 D:\xampp\htdocs\YiiFramework\framework\web\filters\CFilter.php(41): CFilterChain->run()
#25 D:\xampp\htdocs\YiiFramework\framework\web\CController.php(1122): CFilter->filter(Object(CFilterChain))
#26 D:\xampp\htdocs\YiiFramework\framework\web\filters\CInlineFilter.php(59): CController->filterAccessControl(Object(CFilterChain))
#27 D:\xampp\htdocs\YiiFramework\framework\web\filters\CFilterChain.php(130): CInlineFilter->filter(Object(CFilterChain))
#28 D:\xampp\htdocs\YiiFramework\framework\web\CController.php(283): CFilterChain->run()
#29 D:\xampp\htdocs\YiiFramework\framework\web\CController.php(257): CController->runActionWithFilters(Object(CInlineAction), Array)
#30 D:\xampp\htdocs\YiiFramework\framework\web\CWebApplication.php(328): CController->run('')
#31 D:\xampp\htdocs\YiiFramework\framework\web\CWebApplication.php(121): CWebApplication->runController('user/user')
#32 D:\xampp\htdocs\YiiFramework\framework\base\CApplication.php(155): CWebApplication->processRequest()
#33 D:\xampp\htdocs\sanjo\index.php(18): CApplication->run()
#34 {main} REQUEST_URI=/sanjo/index.php/user/user/
2011/06/12 19:23:58 [error] [system.db.CDbCommand] CDbCommand::fetchAll() failed: SQLSTATE[42S22]: Column not found: 1054 Unknown column 'sequence' in 'order clause'. The SQL statement executed was: SELECT * FROM `lookup` `t` WHERE type=:type ORDER BY sequence.
in D:\xampp\htdocs\sanjo\protected\modules\admin\models\Lookup.php (134)
in D:\xampp\htdocs\sanjo\protected\modules\admin\models\Lookup.php (119)
in D:\xampp\htdocs\sanjo\protected\modules\user\views\user\_view.php (20)
2011/06/12 19:23:58 [error] [exception.CDbException] exception 'CDbException' with message 'CDbCommand failed to execute the SQL statement: SQLSTATE[42S22]: Column not found: 1054 Unknown column 'sequence' in 'order clause'. The SQL statement executed was: SELECT * FROM `lookup` `t` WHERE type=:type ORDER BY sequence' in D:\xampp\htdocs\YiiFramework\framework\db\CDbCommand.php:518
Stack trace:
#0 D:\xampp\htdocs\YiiFramework\framework\db\CDbCommand.php(376): CDbCommand->queryInternal('fetchAll', Array, Array)
#1 D:\xampp\htdocs\YiiFramework\framework\db\ar\CActiveRecord.php(1256): CDbCommand->queryAll()
#2 D:\xampp\htdocs\YiiFramework\framework\db\ar\CActiveRecord.php(1380): CActiveRecord->query(Object(CDbCriteria), true)
#3 D:\xampp\htdocs\sanjo\protected\modules\admin\models\Lookup.php(134): CActiveRecord->findAll(Array)
#4 D:\xampp\htdocs\sanjo\protected\modules\admin\models\Lookup.php(119): Lookup::loadItems('status')
#5 D:\xampp\htdocs\sanjo\protected\modules\user\views\user\_view.php(20): Lookup::item('status', '1')
#6 D:\xampp\htdocs\YiiFramework\framework\web\CBaseController.php(119): require('D:\xampp\htdocs...')
#7 D:\xampp\htdocs\YiiFramework\framework\web\CBaseController.php(88): CBaseController->renderInternal('D:\xampp\htdocs...', Array, true)
#8 D:\xampp\htdocs\YiiFramework\framework\web\CController.php(866): CBaseController->renderFile('D:\xampp\htdocs...', Array, true)
#9 D:\xampp\htdocs\YiiFramework\framework\zii\widgets\CListView.php(234): CController->renderPartial('_view', Array)
#10 D:\xampp\htdocs\YiiFramework\framework\zii\widgets\CBaseListView.php(158): CListView->renderItems()
#11 [internal function]: CBaseListView->renderSection(Array)
#12 D:\xampp\htdocs\YiiFramework\framework\zii\widgets\CBaseListView.php(141): preg_replace_callback('/{(\w+)}/', Array, '{summary}?{sort...')
#13 D:\xampp\htdocs\YiiFramework\framework\zii\widgets\CBaseListView.php(126): CBaseListView->renderContent()
#14 D:\xampp\htdocs\YiiFramework\framework\web\CBaseController.php(166): CBaseListView->run()
#15 D:\xampp\htdocs\sanjo\protected\modules\user\views\user\index.php(17): CBaseController->widget('zii.widgets.CLi...', Array)
#16 D:\xampp\htdocs\YiiFramework\framework\web\CBaseController.php(119): require('D:\xampp\htdocs...')
#17 D:\xampp\htdocs\YiiFramework\framework\web\CBaseController.php(88): CBaseController->renderInternal('D:\xampp\htdocs...', Array, true)
#18 D:\xampp\htdocs\YiiFramework\framework\web\CController.php(866): CBaseController->renderFile('D:\xampp\htdocs...', Array, true)
#19 D:\xampp\htdocs\YiiFramework\framework\web\CController.php(779): CController->renderPartial('index', Array, true)
#20 D:\xampp\htdocs\sanjo\protected\modules\user\controllers\UserController.php(133): CController->render('index', Array)
#21 D:\xampp\htdocs\YiiFramework\framework\web\actions\CInlineAction.php(50): UserController->actionIndex()
#22 D:\xampp\htdocs\YiiFramework\framework\web\CController.php(300): CInlineAction->runWithParams(Array)
#23 D:\xampp\htdocs\YiiFramework\framework\web\filters\CFilterChain.php(133): CController->runAction(Object(CInlineAction))
#24 D:\xampp\htdocs\YiiFramework\framework\web\filters\CFilter.php(41): CFilterChain->run()
#25 D:\xampp\htdocs\YiiFramework\framework\web\CController.php(1122): CFilter->filter(Object(CFilterChain))
#26 D:\xampp\htdocs\YiiFramework\framework\web\filters\CInlineFilter.php(59): CController->filterAccessControl(Object(CFilterChain))
#27 D:\xampp\htdocs\YiiFramework\framework\web\filters\CFilterChain.php(130): CInlineFilter->filter(Object(CFilterChain))
#28 D:\xampp\htdocs\YiiFramework\framework\web\CController.php(283): CFilterChain->run()
#29 D:\xampp\htdocs\YiiFramework\framework\web\CController.php(257): CController->runActionWithFilters(Object(CInlineAction), Array)
#30 D:\xampp\htdocs\YiiFramework\framework\web\CWebApplication.php(328): CController->run('')
#31 D:\xampp\htdocs\YiiFramework\framework\web\CWebApplication.php(121): CWebApplication->runController('user/user')
#32 D:\xampp\htdocs\YiiFramework\framework\base\CApplication.php(155): CWebApplication->processRequest()
#33 D:\xampp\htdocs\sanjo\index.php(18): CApplication->run()
#34 {main} REQUEST_URI=/sanjo/index.php/user/user/
